[36m--[0m Using CATKIN_DEVEL_PREFIX: /home/skpro19/catkin_ws/devel/.private/husky_high_level_controller
[36m--[0m Using CMAKE_PREFIX_PATH: /home/skpro19/catkin_ws/devel;/opt/ros/melodic
[36m--[0m This workspace overlays: /home/skpro19/catkin_ws/devel;/opt/ros/melodic
[36m--[0m Found PythonInterp: /usr/bin/python2 (found suitable version "2.7.17", minimum required is "2")
[36m--[0m Using PYTHON_EXECUTABLE: /usr/bin/python2
[36m--[0m Using Debian Python package layout
[36m--[0m Using empy: /usr/bin/empy
[36m--[0m Using CATKIN_ENABLE_TESTING: ON
[36m--[0m Call enable_testing()
[36m--[0m Using CATKIN_TEST_RESULTS_DIR: /home/skpro19/catkin_ws/build/husky_high_level_controller/test_results
[36m--[0m Found gtest sources under '/usr/src/googletest': gtests will be built
[36m--[0m Found gmock sources under '/usr/src/googletest': gmock will be built
[36m--[0m Found PythonInterp: /usr/bin/python2 (found version "2.7.17")
[36m--[0m Using Python nosetests: /usr/bin/nosetests-2.7
[36m--[0m catkin 0.7.28
[36m--[0m BUILD_SHARED_LIBS is on
[31m[1mCMake Error[0m at /home/skpro19/catkin_ws/src/husky_high_level_controller/CMakeLists.txt:49 (add_message_files):
  Unknown CMake command "add_message_files".


[36m--[0m Configuring incomplete, errors occurred!
See also "/home/skpro19/catkin_ws/build/husky_high_level_controller/CMakeFiles/CMakeOutput.log".
See also "/home/skpro19/catkin_ws/build/husky_high_level_controller/CMakeFiles/CMakeError.log".
Makefile:530: recipe for target 'cmake_check_build_system' failed
make: *** [cmake_check_build_system] Error 1
