Warning: Cannot symlink from /home/skpro19/git_test/rsl/devel/.private/husky_high_level_controller/lib/pkgconfig/husky_high_level_controller.pc to existing file /home/skpro19/git_test/rsl/devel/lib/pkgconfig/husky_high_level_controller.pc
Warning: Source hash: a70a065b0eda4dca2a531f7be4f0f3a8
Warning: Dest hash: 43e8a214b7d8fe041fcb2080f31e8174
Symlinking /home/skpro19/git_test/rsl/devel/lib/python2.7/dist-packages/husky_high_level_controller/__init__.py
Symlinking /home/skpro19/git_test/rsl/devel/lib/python2.7/dist-packages/husky_high_level_controller/srv/_StartStopBot.py
Symlinking /home/skpro19/git_test/rsl/devel/lib/python2.7/dist-packages/husky_high_level_controller/srv/__init__.py
Symlinking /home/skpro19/git_test/rsl/devel/share/gennodejs/ros/husky_high_level_controller/_index.js
Symlinking /home/skpro19/git_test/rsl/devel/share/gennodejs/ros/husky_high_level_controller/srv/StartStopBot.js
Symlinking /home/skpro19/git_test/rsl/devel/share/gennodejs/ros/husky_high_level_controller/srv/_index.js
Symlinking /home/skpro19/git_test/rsl/devel/share/husky_high_level_controller/cmake/husky_high_level_controller-msg-paths.cmake
Symlinking /home/skpro19/git_test/rsl/devel/share/husky_high_level_controller/cmake/husky_high_level_controller-msg-extras.cmake
Warning: Cannot symlink from /home/skpro19/git_test/rsl/devel/.private/husky_high_level_controller/share/husky_high_level_controller/cmake/husky_high_level_controllerConfig.cmake to existing file /home/skpro19/git_test/rsl/devel/share/husky_high_level_controller/cmake/husky_high_level_controllerConfig.cmake
Warning: Source hash: edc5efee80e30307d60c1224439b1c7a
Warning: Dest hash: bddf79ea407917d4ce771aa0bb6044db
Symlinking /home/skpro19/git_test/rsl/devel/share/roseus/ros/husky_high_level_controller/manifest.l
Symlinking /home/skpro19/git_test/rsl/devel/share/roseus/ros/husky_high_level_controller/srv/StartStopBot.l
Symlinking /home/skpro19/git_test/rsl/devel/share/common-lisp/ros/husky_high_level_controller/srv/_package_StartStopBot.lisp
Symlinking /home/skpro19/git_test/rsl/devel/share/common-lisp/ros/husky_high_level_controller/srv/husky_high_level_controller-srv.asd
Symlinking /home/skpro19/git_test/rsl/devel/share/common-lisp/ros/husky_high_level_controller/srv/_package.lisp
Symlinking /home/skpro19/git_test/rsl/devel/share/common-lisp/ros/husky_high_level_controller/srv/StartStopBot.lisp
Symlinking /home/skpro19/git_test/rsl/devel/include/husky_high_level_controller/StartStopBot.h
Symlinking /home/skpro19/git_test/rsl/devel/include/husky_high_level_controller/StartStopBotRequest.h
Symlinking /home/skpro19/git_test/rsl/devel/include/husky_high_level_controller/StartStopBotResponse.h
Cleaning: (/home/skpro19/catkin_ws/devel/.private/husky_high_level_controller/cmake.lock, /home/skpro19/catkin_ws/devel/./cmake.lock)
Cleaning: (/home/skpro19/catkin_ws/devel/.private/husky_high_level_controller/share/husky_high_level_controller/cmake/husky_high_level_controllerConfig.cmake, /home/skpro19/catkin_ws/devel/share/husky_high_level_controller/cmake/husky_high_level_controllerConfig.cmake)
Cleaning: (/home/skpro19/catkin_ws/devel/.private/husky_high_level_controller/share/husky_high_level_controller/cmake/husky_high_level_controllerConfig-version.cmake, /home/skpro19/catkin_ws/devel/share/husky_high_level_controller/cmake/husky_high_level_controllerConfig-version.cmake)
Cleaning: (/home/skpro19/catkin_ws/devel/.private/husky_high_level_controller/lib/pkgconfig/husky_high_level_controller.pc, /home/skpro19/catkin_ws/devel/lib/pkgconfig/husky_high_level_controller.pc)
Unlinking: /home/skpro19/catkin_ws/devel/share/husky_high_level_controller/cmake/husky_high_level_controllerConfig.cmake
Unlinking: /home/skpro19/catkin_ws/devel/share/husky_high_level_controller/cmake/husky_high_level_controllerConfig-version.cmake
Unlinking: /home/skpro19/catkin_ws/devel/lib/pkgconfig/husky_high_level_controller.pc
