[35m[1mScanning dependencies of target _husky_high_level_controller_generate_messages_check_deps_StartStopBot[0m
[  0%] Built target _husky_high_level_controller_generate_messages_check_deps_StartStopBot
[35m[1mScanning dependencies of target husky_high_level_controller_generate_messages_lisp[0m
[35m[1mScanning dependencies of target husky_high_level_controller_generate_messages_py[0m
[35m[1mScanning dependencies of target husky_high_level_controller_generate_messages_eus[0m
[35m[1mScanning dependencies of target husky_high_level_controller_generate_messages_cpp[0m
[35m[1mScanning dependencies of target husky_high_level_controller_generate_messages_nodejs[0m
[ 14%] [34m[1mGenerating EusLisp code from husky_high_level_controller/StartStopBot.srv[0m
[ 28%] [34m[1mGenerating Python code from SRV husky_high_level_controller/StartStopBot[0m
[ 42%] [34m[1mGenerating Lisp code from husky_high_level_controller/StartStopBot.srv[0m
[ 57%] [34m[1mGenerating EusLisp manifest code for husky_high_level_controller[0m
[ 71%] [34m[1mGenerating Javascript code from husky_high_level_controller/StartStopBot.srv[0m
[ 85%] [34m[1mGenerating C++ code from husky_high_level_controller/StartStopBot.srv[0m
[ 85%] Built target husky_high_level_controller_generate_messages_nodejs
[ 85%] Built target husky_high_level_controller_generate_messages_lisp
[100%] [34m[1mGenerating Python srv __init__.py for husky_high_level_controller[0m
[100%] Built target husky_high_level_controller_generate_messages_py
[100%] Built target husky_high_level_controller_generate_messages_cpp
[100%] Built target husky_high_level_controller_generate_messages_eus
[35m[1mScanning dependencies of target husky_high_level_controller_generate_messages[0m
[100%] Built target husky_high_level_controller_generate_messages
