[35m[1mScanning dependencies of target _variant_msgs_generate_messages_check_deps_VariantHeader[0m
[35m[1mScanning dependencies of target _variant_msgs_generate_messages_check_deps_Variant[0m
[35m[1mScanning dependencies of target _variant_msgs_generate_messages_check_deps_Test[0m
[35m[1mScanning dependencies of target _variant_msgs_generate_messages_check_deps_VariantType[0m
[  0%] Built target _variant_msgs_generate_messages_check_deps_VariantType
[  0%] Built target _variant_msgs_generate_messages_check_deps_Test
[  0%] Built target _variant_msgs_generate_messages_check_deps_Variant
[  0%] Built target _variant_msgs_generate_messages_check_deps_VariantHeader
[35m[1mScanning dependencies of target std_msgs_generate_messages_nodejs[0m
[35m[1mScanning dependencies of target std_msgs_generate_messages_py[0m
[35m[1mScanning dependencies of target std_msgs_generate_messages_lisp[0m
[35m[1mScanning dependencies of target std_msgs_generate_messages_eus[0m
[  0%] Built target std_msgs_generate_messages_nodejs
[  0%] Built target std_msgs_generate_messages_py
[  0%] Built target std_msgs_generate_messages_lisp
[  0%] Built target std_msgs_generate_messages_eus
[35m[1mScanning dependencies of target variant_msgs_generate_messages_nodejs[0m
[35m[1mScanning dependencies of target std_msgs_generate_messages_cpp[0m
[35m[1mScanning dependencies of target variant_msgs_generate_messages_py[0m
[35m[1mScanning dependencies of target variant_msgs_generate_messages_lisp[0m
[  4%] Built target std_msgs_generate_messages_cpp
[  4%] [34m[1mGenerating Javascript code from variant_msgs/VariantHeader.msg[0m
[  9%] [34m[1mGenerating Python from MSG variant_msgs/VariantHeader[0m
[ 13%] [34m[1mGenerating Lisp code from variant_msgs/VariantHeader.msg[0m
[ 18%] [34m[1mGenerating Lisp code from variant_msgs/Test.msg[0m
[ 22%] [34m[1mGenerating Python from MSG variant_msgs/Test[0m
[ 27%] [34m[1mGenerating Javascript code from variant_msgs/Test.msg[0m
[ 31%] [34m[1mGenerating Lisp code from variant_msgs/VariantType.msg[0m
[ 36%] [34m[1mGenerating Javascript code from variant_msgs/VariantType.msg[0m
[ 40%] [34m[1mGenerating Lisp code from variant_msgs/Variant.msg[0m
[ 45%] [34m[1mGenerating Javascript code from variant_msgs/Variant.msg[0m
[35m[1mScanning dependencies of target variant_msgs_generate_messages_eus[0m
[ 45%] Built target variant_msgs_generate_messages_lisp
[ 45%] Built target variant_msgs_generate_messages_nodejs
[ 50%] [34m[1mGenerating EusLisp code from variant_msgs/VariantHeader.msg[0m
[ 54%] [34m[1mGenerating Python from MSG variant_msgs/VariantType[0m
[ 59%] [34m[1mGenerating EusLisp code from variant_msgs/Test.msg[0m
[ 63%] [34m[1mGenerating EusLisp code from variant_msgs/VariantType.msg[0m
[ 68%] [34m[1mGenerating Python from MSG variant_msgs/Variant[0m
[ 77%] [34m[1mGenerating EusLisp code from variant_msgs/Variant.msg[0m
[ 77%] [34m[1mGenerating EusLisp manifest code for variant_msgs[0m
[35m[1mScanning dependencies of target variant_msgs_generate_messages_cpp[0m
[ 81%] [34m[1mGenerating C++ code from variant_msgs/VariantHeader.msg[0m
[ 86%] [34m[1mGenerating C++ code from variant_msgs/Test.msg[0m
[ 90%] [34m[1mGenerating Python msg __init__.py for variant_msgs[0m
[ 95%] [34m[1mGenerating C++ code from variant_msgs/VariantType.msg[0m
[ 95%] Built target variant_msgs_generate_messages_py
[100%] [34m[1mGenerating C++ code from variant_msgs/Variant.msg[0m
[100%] Built target variant_msgs_generate_messages_cpp
[100%] Built target variant_msgs_generate_messages_eus
[35m[1mScanning dependencies of target variant_msgs_generate_messages[0m
[100%] Built target variant_msgs_generate_messages
