Linked: (/home/skpro19/catkin_ws/devel/.private/variant_msgs/include/variant_msgs/Test.h, /home/skpro19/catkin_ws/devel/include/variant_msgs/Test.h)
Linked: (/home/skpro19/catkin_ws/devel/.private/variant_msgs/include/variant_msgs/VariantType.h, /home/skpro19/catkin_ws/devel/include/variant_msgs/VariantType.h)
Linked: (/home/skpro19/catkin_ws/devel/.private/variant_msgs/include/variant_msgs/Variant.h, /home/skpro19/catkin_ws/devel/include/variant_msgs/Variant.h)
Linked: (/home/skpro19/catkin_ws/devel/.private/variant_msgs/include/variant_msgs/VariantHeader.h, /home/skpro19/catkin_ws/devel/include/variant_msgs/VariantHeader.h)
Linked: (/home/skpro19/catkin_ws/devel/.private/variant_msgs/share/roseus/ros/variant_msgs/manifest.l, /home/skpro19/catkin_ws/devel/share/roseus/ros/variant_msgs/manifest.l)
Linked: (/home/skpro19/catkin_ws/devel/.private/variant_msgs/share/roseus/ros/variant_msgs/msg/VariantHeader.l, /home/skpro19/catkin_ws/devel/share/roseus/ros/variant_msgs/msg/VariantHeader.l)
Linked: (/home/skpro19/catkin_ws/devel/.private/variant_msgs/share/roseus/ros/variant_msgs/msg/Test.l, /home/skpro19/catkin_ws/devel/share/roseus/ros/variant_msgs/msg/Test.l)
Linked: (/home/skpro19/catkin_ws/devel/.private/variant_msgs/share/roseus/ros/variant_msgs/msg/VariantType.l, /home/skpro19/catkin_ws/devel/share/roseus/ros/variant_msgs/msg/VariantType.l)
Linked: (/home/skpro19/catkin_ws/devel/.private/variant_msgs/share/roseus/ros/variant_msgs/msg/Variant.l, /home/skpro19/catkin_ws/devel/share/roseus/ros/variant_msgs/msg/Variant.l)
Linked: (/home/skpro19/catkin_ws/devel/.private/variant_msgs/share/gennodejs/ros/variant_msgs/_index.js, /home/skpro19/catkin_ws/devel/share/gennodejs/ros/variant_msgs/_index.js)
Linked: (/home/skpro19/catkin_ws/devel/.private/variant_msgs/share/gennodejs/ros/variant_msgs/msg/VariantHeader.js, /home/skpro19/catkin_ws/devel/share/gennodejs/ros/variant_msgs/msg/VariantHeader.js)
Linked: (/home/skpro19/catkin_ws/devel/.private/variant_msgs/share/gennodejs/ros/variant_msgs/msg/VariantType.js, /home/skpro19/catkin_ws/devel/share/gennodejs/ros/variant_msgs/msg/VariantType.js)
Linked: (/home/skpro19/catkin_ws/devel/.private/variant_msgs/share/gennodejs/ros/variant_msgs/msg/Variant.js, /home/skpro19/catkin_ws/devel/share/gennodejs/ros/variant_msgs/msg/Variant.js)
Linked: (/home/skpro19/catkin_ws/devel/.private/variant_msgs/share/gennodejs/ros/variant_msgs/msg/Test.js, /home/skpro19/catkin_ws/devel/share/gennodejs/ros/variant_msgs/msg/Test.js)
Linked: (/home/skpro19/catkin_ws/devel/.private/variant_msgs/share/gennodejs/ros/variant_msgs/msg/_index.js, /home/skpro19/catkin_ws/devel/share/gennodejs/ros/variant_msgs/msg/_index.js)
Linked: (/home/skpro19/catkin_ws/devel/.private/variant_msgs/share/variant_msgs/cmake/variant_msgsConfig.cmake, /home/skpro19/catkin_ws/devel/share/variant_msgs/cmake/variant_msgsConfig.cmake)
Linked: (/home/skpro19/catkin_ws/devel/.private/variant_msgs/share/variant_msgs/cmake/variant_msgs-msg-extras.cmake, /home/skpro19/catkin_ws/devel/share/variant_msgs/cmake/variant_msgs-msg-extras.cmake)
Linked: (/home/skpro19/catkin_ws/devel/.private/variant_msgs/share/variant_msgs/cmake/variant_msgs-msg-paths.cmake, /home/skpro19/catkin_ws/devel/share/variant_msgs/cmake/variant_msgs-msg-paths.cmake)
Linked: (/home/skpro19/catkin_ws/devel/.private/variant_msgs/share/variant_msgs/cmake/variant_msgsConfig-version.cmake, /home/skpro19/catkin_ws/devel/share/variant_msgs/cmake/variant_msgsConfig-version.cmake)
Linked: (/home/skpro19/catkin_ws/devel/.private/variant_msgs/share/common-lisp/ros/variant_msgs/msg/VariantType.lisp, /home/skpro19/catkin_ws/devel/share/common-lisp/ros/variant_msgs/msg/VariantType.lisp)
Linked: (/home/skpro19/catkin_ws/devel/.private/variant_msgs/share/common-lisp/ros/variant_msgs/msg/VariantHeader.lisp, /home/skpro19/catkin_ws/devel/share/common-lisp/ros/variant_msgs/msg/VariantHeader.lisp)
Linked: (/home/skpro19/catkin_ws/devel/.private/variant_msgs/share/common-lisp/ros/variant_msgs/msg/_package.lisp, /home/skpro19/catkin_ws/devel/share/common-lisp/ros/variant_msgs/msg/_package.lisp)
Linked: (/home/skpro19/catkin_ws/devel/.private/variant_msgs/share/common-lisp/ros/variant_msgs/msg/_package_VariantType.lisp, /home/skpro19/catkin_ws/devel/share/common-lisp/ros/variant_msgs/msg/_package_VariantType.lisp)
Linked: (/home/skpro19/catkin_ws/devel/.private/variant_msgs/share/common-lisp/ros/variant_msgs/msg/variant_msgs-msg.asd, /home/skpro19/catkin_ws/devel/share/common-lisp/ros/variant_msgs/msg/variant_msgs-msg.asd)
Linked: (/home/skpro19/catkin_ws/devel/.private/variant_msgs/share/common-lisp/ros/variant_msgs/msg/_package_Variant.lisp, /home/skpro19/catkin_ws/devel/share/common-lisp/ros/variant_msgs/msg/_package_Variant.lisp)
Linked: (/home/skpro19/catkin_ws/devel/.private/variant_msgs/share/common-lisp/ros/variant_msgs/msg/_package_VariantHeader.lisp, /home/skpro19/catkin_ws/devel/share/common-lisp/ros/variant_msgs/msg/_package_VariantHeader.lisp)
Linked: (/home/skpro19/catkin_ws/devel/.private/variant_msgs/share/common-lisp/ros/variant_msgs/msg/_package_Test.lisp, /home/skpro19/catkin_ws/devel/share/common-lisp/ros/variant_msgs/msg/_package_Test.lisp)
Linked: (/home/skpro19/catkin_ws/devel/.private/variant_msgs/share/common-lisp/ros/variant_msgs/msg/Test.lisp, /home/skpro19/catkin_ws/devel/share/common-lisp/ros/variant_msgs/msg/Test.lisp)
Linked: (/home/skpro19/catkin_ws/devel/.private/variant_msgs/share/common-lisp/ros/variant_msgs/msg/Variant.lisp, /home/skpro19/catkin_ws/devel/share/common-lisp/ros/variant_msgs/msg/Variant.lisp)
Linked: (/home/skpro19/catkin_ws/devel/.private/variant_msgs/lib/python2.7/dist-packages/variant_msgs/__init__.py, /home/skpro19/catkin_ws/devel/lib/python2.7/dist-packages/variant_msgs/__init__.py)
Linked: (/home/skpro19/catkin_ws/devel/.private/variant_msgs/lib/python2.7/dist-packages/variant_msgs/msg/__init__.py, /home/skpro19/catkin_ws/devel/lib/python2.7/dist-packages/variant_msgs/msg/__init__.py)
Linked: (/home/skpro19/catkin_ws/devel/.private/variant_msgs/lib/python2.7/dist-packages/variant_msgs/msg/_VariantType.py, /home/skpro19/catkin_ws/devel/lib/python2.7/dist-packages/variant_msgs/msg/_VariantType.py)
Linked: (/home/skpro19/catkin_ws/devel/.private/variant_msgs/lib/python2.7/dist-packages/variant_msgs/msg/_VariantHeader.py, /home/skpro19/catkin_ws/devel/lib/python2.7/dist-packages/variant_msgs/msg/_VariantHeader.py)
Linked: (/home/skpro19/catkin_ws/devel/.private/variant_msgs/lib/python2.7/dist-packages/variant_msgs/msg/_Test.py, /home/skpro19/catkin_ws/devel/lib/python2.7/dist-packages/variant_msgs/msg/_Test.py)
Linked: (/home/skpro19/catkin_ws/devel/.private/variant_msgs/lib/python2.7/dist-packages/variant_msgs/msg/_Variant.py, /home/skpro19/catkin_ws/devel/lib/python2.7/dist-packages/variant_msgs/msg/_Variant.py)
Linked: (/home/skpro19/catkin_ws/devel/.private/variant_msgs/lib/pkgconfig/variant_msgs.pc, /home/skpro19/catkin_ws/devel/lib/pkgconfig/variant_msgs.pc)
